1 0.249854
2 0.249538
3 0.249208
4 0.248681
5 0.403775
6 0.410776
7 0.410776
8 0.410776
9 0.410776
10 0.410776
11 0.410776
12 0.410776
13 0.410776
14 0.410776
15 0.410776
16 0.410776
17 0.410776
18 0.410776
19 0.410776
20 0.410776
21 0.410776
22 0.410776
23 0.410776
24 0.410776
25 0.410776
26 0.410776
27 0.410776
28 0.410776
29 0.410776
30 0.410776
31 0.410776
32 0.410776
33 0.410776
34 0.410776
35 0.410776
36 0.410776
37 0.410776
38 0.410776
39 0.410776
40 0.410776
41 0.410776
42 0.410776
43 0.410776
44 0.410776
45 0.410776
46 0.410776
47 0.410776
48 0.410776
49 0.410776
50 0.410776
51 0.410776
52 0.410776
53 0.410776
54 0.410776
55 0.410776
56 0.410776
57 0.410776
58 0.410776
59 0.410776
60 0.410776
61 0.410776
62 0.410776
63 0.410776
64 0.410776
65 0.410776
66 0.410776
67 0.410776
68 0.410776
69 0.410776
70 0.410776
71 0.410776
72 0.410776
73 0.410776
74 0.410776
75 0.410776
76 0.410776
77 0.410776
78 0.410776
79 0.410776
80 0.410776
81 0.410776
82 0.410776
83 0.410776
84 0.410776
85 0.410776
86 0.410776
87 0.410776
88 0.410776
89 0.410776
90 0.410776
91 0.410776
92 0.410776
93 0.410776
94 0.410776
95 0.410776
96 0.410776
97 0.410776
98 0.410776
99 0.410776
100 0.410776
1 0.249854
2 0.249538
3 0.249208
4 0.248681
5 0.403775
6 0.410776
7 0.410776
8 0.410776
9 0.410776
10 0.410776
11 0.410776
12 0.410776
13 0.410776
14 0.410776
15 0.410776
16 0.410776
17 0.410776
18 0.410776
19 0.410776
20 0.410776
21 0.410776
22 0.410776
23 0.410776
24 0.410776
25 0.410776
26 0.410776
27 0.410776
28 0.410776
29 0.410776
30 0.410776
31 0.410776
32 0.410776
33 0.410776
34 0.410776
35 0.410776
36 0.410776
37 0.410776
38 0.410776
39 0.410776
40 0.410776
41 0.410776
42 0.410776
43 0.410776
44 0.410776
45 0.410776
46 0.410776
47 0.410776
48 0.410776
49 0.410776
50 0.410776
51 0.410776
52 0.410776
53 0.410776
54 0.410776
55 0.410776
56 0.410776
57 0.410776
58 0.410776
59 0.410776
60 0.410776
61 0.410776
62 0.410776
63 0.410776
64 0.410776
65 0.410776
66 0.410776
67 0.410776
68 0.410776
69 0.410776
70 0.410776
71 0.410776
72 0.410776
73 0.410776
74 0.410776
75 0.410776
76 0.410776
77 0.410776
78 0.410776
79 0.410776
80 0.410776
81 0.410776
82 0.410776
83 0.410776
84 0.410776
85 0.410776
86 0.410776
87 0.410776
88 0.410776
89 0.410776
90 0.410776
91 0.410776
92 0.410776
93 0.410776
94 0.410776
95 0.410776
96 0.410776
97 0.410776
98 0.410776
99 0.410776
100 0.410776
1 0.249854
2 0.249538
3 0.249208
4 0.248681
5 0.403775
6 0.410776
7 0.410776
8 0.410776
9 0.410776
10 0.410776
11 0.410776
12 0.410776
13 0.410776
14 0.410776
15 0.410776
16 0.410776
17 0.410776
18 0.410776
19 0.410776
20 0.410776
21 0.410776
22 0.410776
23 0.410776
24 0.410776
25 0.410776
26 0.410776
27 0.410776
28 0.410776
29 0.410776
30 0.410776
31 0.410776
32 0.410776
33 0.410776
34 0.410776
35 0.410776
36 0.410776
37 0.410776
38 0.410776
39 0.410776
40 0.410776
41 0.410776
42 0.410776
43 0.410776
44 0.410776
45 0.410776
46 0.410776
47 0.410776
48 0.410776
49 0.410776
50 0.410776
51 0.410776
52 0.410776
53 0.410776
54 0.410776
55 0.410776
56 0.410776
57 0.410776
58 0.410776
59 0.410776
60 0.410776
61 0.410776
62 0.410776
63 0.410776
64 0.410776
65 0.410776
66 0.410776
67 0.410776
68 0.410776
69 0.410776
70 0.410776
71 0.410776
72 0.410776
73 0.410776
74 0.410776
75 0.410776
76 0.410776
77 0.410776
78 0.410776
79 0.410776
80 0.410776
81 0.410776
82 0.410776
83 0.410776
84 0.410776
85 0.410776
86 0.410776
87 0.410776
88 0.410776
89 0.410776
90 0.410776
91 0.410776
92 0.410776
93 0.410776
94 0.410776
95 0.410776
96 0.410776
97 0.410776
98 0.410776
99 0.410776
100 0.410776
1 0.249854
2 0.249538
3 0.249208
4 0.248681
5 0.403775
6 0.410776
7 0.410776
8 0.410776
9 0.410776
10 0.410776
11 0.410776
12 0.410776
13 0.410776
14 0.410776
15 0.410776
16 0.410776
17 0.410776
18 0.410776
19 0.410776
20 0.410776
21 0.410776
22 0.410776
23 0.410776
24 0.410776
25 0.410776
26 0.410776
27 0.410776
28 0.410776
29 0.410776
30 0.410776
31 0.410776
32 0.410776
33 0.410776
34 0.410776
35 0.410776
36 0.410776
37 0.410776
38 0.410776
39 0.410776
40 0.410776
41 0.410776
42 0.410776
43 0.410776
44 0.410776
45 0.410776
46 0.410776
47 0.410776
48 0.410776
49 0.410776
50 0.410776
51 0.410776
52 0.410776
53 0.410776
54 0.410776
55 0.410776
56 0.410776
57 0.410776
58 0.410776
59 0.410776
60 0.410776
61 0.410776
62 0.410776
63 0.410776
64 0.410776
65 0.410776
66 0.410776
67 0.410776
68 0.410776
69 0.410776
70 0.410776
71 0.410776
72 0.410776
73 0.410776
74 0.410776
75 0.410776
76 0.410776
77 0.410776
78 0.410776
79 0.410776
80 0.410776
81 0.410776
82 0.410776
83 0.410776
84 0.410776
85 0.410776
86 0.410776
87 0.410776
88 0.410776
89 0.410776
90 0.410776
91 0.410776
92 0.410776
93 0.410776
94 0.410776
95 0.410776
96 0.410776
97 0.410776
98 0.410776
99 0.410776
100 0.410776
